# Logfile created on 2014-01-29 16:04:08 +0100 by logger.rb/41954
I, [2014-01-29T16:04:08.531592 #14603]  INFO -- : 0:  i18n (0.6.9) from /Users/edouardrudolf/.rvm/gems/ruby-2.0.0-p353/specifications/i18n-0.6.9.gemspec
I, [2014-01-29T16:04:08.531984 #14603]  INFO -- : 0:  minitest (4.7.5) from /Users/edouardrudolf/.rvm/gems/ruby-2.0.0-p353/specifications/minitest-4.7.5.gemspec
I, [2014-01-29T16:04:08.532227 #14603]  INFO -- : 0:  multi_json (1.8.4) from /Users/edouardrudolf/.rvm/gems/ruby-2.0.0-p353/specifications/multi_json-1.8.4.gemspec
I, [2014-01-29T16:04:08.532449 #14603]  INFO -- : 0:  atomic (1.1.14) from /Users/edouardrudolf/.rvm/gems/ruby-2.0.0-p353/specifications/atomic-1.1.14.gemspec
I, [2014-01-29T16:04:08.532686 #14603]  INFO -- : 0:  thread_safe (0.1.3) from /Users/edouardrudolf/.rvm/gems/ruby-2.0.0-p353/specifications/thread_safe-0.1.3.gemspec
I, [2014-01-29T16:04:08.532903 #14603]  INFO -- : 0:  tzinfo (0.3.38) from /Users/edouardrudolf/.rvm/gems/ruby-2.0.0-p353/specifications/tzinfo-0.3.38.gemspec
I, [2014-01-29T16:04:08.533110 #14603]  INFO -- : 0:  activesupport (4.0.2) from /Users/edouardrudolf/.rvm/gems/ruby-2.0.0-p353/specifications/activesupport-4.0.2.gemspec
I, [2014-01-29T16:04:08.533315 #14603]  INFO -- : 0:  builder (3.1.4) from /Users/edouardrudolf/.rvm/gems/ruby-2.0.0-p353/specifications/builder-3.1.4.gemspec
I, [2014-01-29T16:04:08.533518 #14603]  INFO -- : 0:  activemodel (4.0.2) from /Users/edouardrudolf/.rvm/gems/ruby-2.0.0-p353/specifications/activemodel-4.0.2.gemspec
I, [2014-01-29T16:04:08.533715 #14603]  INFO -- : 0:  activerecord-deprecated_finders (1.0.3) from /Users/edouardrudolf/.rvm/gems/ruby-2.0.0-p353/specifications/activerecord-deprecated_finders-1.0.3.gemspec
I, [2014-01-29T16:04:08.533917 #14603]  INFO -- : 0:  arel (4.0.1) from /Users/edouardrudolf/.rvm/gems/ruby-2.0.0-p353/specifications/arel-4.0.1.gemspec
I, [2014-01-29T16:04:08.534136 #14603]  INFO -- : 0:  activerecord (4.0.2) from /Users/edouardrudolf/.rvm/gems/ruby-2.0.0-p353/specifications/activerecord-4.0.2.gemspec
I, [2014-01-29T16:04:08.534347 #14603]  INFO -- : 0:  sqlite3 (1.3.8) from /Users/edouardrudolf/.rvm/gems/ruby-2.0.0-p353/specifications/sqlite3-1.3.8.gemspec
I, [2014-01-29T16:04:08.534543 #14603]  INFO -- : 0:  bundler (1.5.1) from /Users/edouardrudolf/.rvm/gems/ruby-2.0.0-p353@global/specifications/bundler-1.5.1.gemspec
I, [2014-01-29T17:04:05.949492 #15048]  INFO -- : 0:  i18n (0.6.9) from /Users/edouardrudolf/.rvm/gems/ruby-2.0.0-p353/specifications/i18n-0.6.9.gemspec
I, [2014-01-29T17:04:05.949870 #15048]  INFO -- : 0:  minitest (4.7.5) from /Users/edouardrudolf/.rvm/gems/ruby-2.0.0-p353/specifications/minitest-4.7.5.gemspec
I, [2014-01-29T17:04:05.950109 #15048]  INFO -- : 0:  multi_json (1.8.4) from /Users/edouardrudolf/.rvm/gems/ruby-2.0.0-p353/specifications/multi_json-1.8.4.gemspec
I, [2014-01-29T17:04:05.950340 #15048]  INFO -- : 0:  atomic (1.1.14) from /Users/edouardrudolf/.rvm/gems/ruby-2.0.0-p353/specifications/atomic-1.1.14.gemspec
I, [2014-01-29T17:04:05.950564 #15048]  INFO -- : 0:  thread_safe (0.1.3) from /Users/edouardrudolf/.rvm/gems/ruby-2.0.0-p353/specifications/thread_safe-0.1.3.gemspec
I, [2014-01-29T17:04:05.950775 #15048]  INFO -- : 0:  tzinfo (0.3.38) from /Users/edouardrudolf/.rvm/gems/ruby-2.0.0-p353/specifications/tzinfo-0.3.38.gemspec
I, [2014-01-29T17:04:05.950985 #15048]  INFO -- : 0:  activesupport (4.0.2) from /Users/edouardrudolf/.rvm/gems/ruby-2.0.0-p353/specifications/activesupport-4.0.2.gemspec
I, [2014-01-29T17:04:05.951193 #15048]  INFO -- : 0:  builder (3.1.4) from /Users/edouardrudolf/.rvm/gems/ruby-2.0.0-p353/specifications/builder-3.1.4.gemspec
I, [2014-01-29T17:04:05.951402 #15048]  INFO -- : 0:  activemodel (4.0.2) from /Users/edouardrudolf/.rvm/gems/ruby-2.0.0-p353/specifications/activemodel-4.0.2.gemspec
I, [2014-01-29T17:04:05.951611 #15048]  INFO -- : 0:  activerecord-deprecated_finders (1.0.3) from /Users/edouardrudolf/.rvm/gems/ruby-2.0.0-p353/specifications/activerecord-deprecated_finders-1.0.3.gemspec
I, [2014-01-29T17:04:05.951817 #15048]  INFO -- : 0:  arel (4.0.1) from /Users/edouardrudolf/.rvm/gems/ruby-2.0.0-p353/specifications/arel-4.0.1.gemspec
I, [2014-01-29T17:04:05.952045 #15048]  INFO -- : 0:  activerecord (4.0.2) from /Users/edouardrudolf/.rvm/gems/ruby-2.0.0-p353/specifications/activerecord-4.0.2.gemspec
I, [2014-01-29T17:04:05.952247 #15048]  INFO -- : 0:  faker (1.2.0) from /Users/edouardrudolf/.rvm/gems/ruby-2.0.0-p353/specifications/faker-1.2.0.gemspec
I, [2014-01-29T17:04:05.952456 #15048]  INFO -- : 0:  sqlite3 (1.3.8) from /Users/edouardrudolf/.rvm/gems/ruby-2.0.0-p353/specifications/sqlite3-1.3.8.gemspec
I, [2014-01-29T17:04:05.952661 #15048]  INFO -- : 0:  bundler (1.5.1) from /Users/edouardrudolf/.rvm/gems/ruby-2.0.0-p353@global/specifications/bundler-1.5.1.gemspec
I, [2014-01-29T17:16:42.128757 #15066]  INFO -- : 0:  i18n (0.6.9) from /Users/edouardrudolf/.rvm/gems/ruby-2.0.0-p353/specifications/i18n-0.6.9.gemspec
I, [2014-01-29T17:16:42.129107 #15066]  INFO -- : 0:  minitest (4.7.5) from /Users/edouardrudolf/.rvm/gems/ruby-2.0.0-p353/specifications/minitest-4.7.5.gemspec
I, [2014-01-29T17:16:42.129357 #15066]  INFO -- : 0:  multi_json (1.8.4) from /Users/edouardrudolf/.rvm/gems/ruby-2.0.0-p353/specifications/multi_json-1.8.4.gemspec
I, [2014-01-29T17:16:42.129673 #15066]  INFO -- : 0:  atomic (1.1.14) from /Users/edouardrudolf/.rvm/gems/ruby-2.0.0-p353/specifications/atomic-1.1.14.gemspec
I, [2014-01-29T17:16:42.129918 #15066]  INFO -- : 0:  thread_safe (0.1.3) from /Users/edouardrudolf/.rvm/gems/ruby-2.0.0-p353/specifications/thread_safe-0.1.3.gemspec
I, [2014-01-29T17:16:42.130135 #15066]  INFO -- : 0:  tzinfo (0.3.38) from /Users/edouardrudolf/.rvm/gems/ruby-2.0.0-p353/specifications/tzinfo-0.3.38.gemspec
I, [2014-01-29T17:16:42.130354 #15066]  INFO -- : 0:  activesupport (4.0.2) from /Users/edouardrudolf/.rvm/gems/ruby-2.0.0-p353/specifications/activesupport-4.0.2.gemspec
I, [2014-01-29T17:16:42.130572 #15066]  INFO -- : 0:  builder (3.1.4) from /Users/edouardrudolf/.rvm/gems/ruby-2.0.0-p353/specifications/builder-3.1.4.gemspec
I, [2014-01-29T17:16:42.130790 #15066]  INFO -- : 0:  activemodel (4.0.2) from /Users/edouardrudolf/.rvm/gems/ruby-2.0.0-p353/specifications/activemodel-4.0.2.gemspec
I, [2014-01-29T17:16:42.131007 #15066]  INFO -- : 0:  activerecord-deprecated_finders (1.0.3) from /Users/edouardrudolf/.rvm/gems/ruby-2.0.0-p353/specifications/activerecord-deprecated_finders-1.0.3.gemspec
I, [2014-01-29T17:16:42.131224 #15066]  INFO -- : 0:  arel (4.0.1) from /Users/edouardrudolf/.rvm/gems/ruby-2.0.0-p353/specifications/arel-4.0.1.gemspec
I, [2014-01-29T17:16:42.131421 #15066]  INFO -- : 0:  activerecord (4.0.2) from /Users/edouardrudolf/.rvm/gems/ruby-2.0.0-p353/specifications/activerecord-4.0.2.gemspec
I, [2014-01-29T17:16:42.131633 #15066]  INFO -- : 0:  faker (1.2.0) from /Users/edouardrudolf/.rvm/gems/ruby-2.0.0-p353/specifications/faker-1.2.0.gemspec
I, [2014-01-29T17:16:42.131849 #15066]  INFO -- : 0:  mini_portile (0.5.2) from /Users/edouardrudolf/.rvm/gems/ruby-2.0.0-p353/specifications/mini_portile-0.5.2.gemspec
I, [2014-01-29T17:16:42.132066 #15066]  INFO -- : 0:  nokogiri (1.6.1) from /Users/edouardrudolf/.rvm/gems/ruby-2.0.0-p353@global/specifications/nokogiri-1.6.1.gemspec
I, [2014-01-29T17:16:42.132279 #15066]  INFO -- : 0:  sqlite3 (1.3.8) from /Users/edouardrudolf/.rvm/gems/ruby-2.0.0-p353/specifications/sqlite3-1.3.8.gemspec
I, [2014-01-29T17:16:42.132469 #15066]  INFO -- : 0:  bundler (1.5.1) from /Users/edouardrudolf/.rvm/gems/ruby-2.0.0-p353@global/specifications/bundler-1.5.1.gemspec
I, [2014-01-30T16:03:11.978606 #16737]  INFO -- : 0:  i18n (0.6.9) from /Users/edouardrudolf/.rvm/gems/ruby-2.0.0-p353/specifications/i18n-0.6.9.gemspec
I, [2014-01-30T16:03:11.979093 #16737]  INFO -- : 0:  minitest (4.7.5) from /Users/edouardrudolf/.rvm/gems/ruby-2.0.0-p353/specifications/minitest-4.7.5.gemspec
I, [2014-01-30T16:03:11.979346 #16737]  INFO -- : 0:  multi_json (1.8.4) from /Users/edouardrudolf/.rvm/gems/ruby-2.0.0-p353/specifications/multi_json-1.8.4.gemspec
I, [2014-01-30T16:03:11.979586 #16737]  INFO -- : 0:  atomic (1.1.14) from /Users/edouardrudolf/.rvm/gems/ruby-2.0.0-p353/specifications/atomic-1.1.14.gemspec
I, [2014-01-30T16:03:11.979835 #16737]  INFO -- : 0:  thread_safe (0.1.3) from /Users/edouardrudolf/.rvm/gems/ruby-2.0.0-p353/specifications/thread_safe-0.1.3.gemspec
I, [2014-01-30T16:03:11.980068 #16737]  INFO -- : 0:  tzinfo (0.3.38) from /Users/edouardrudolf/.rvm/gems/ruby-2.0.0-p353/specifications/tzinfo-0.3.38.gemspec
I, [2014-01-30T16:03:11.980299 #16737]  INFO -- : 0:  activesupport (4.0.2) from /Users/edouardrudolf/.rvm/gems/ruby-2.0.0-p353/specifications/activesupport-4.0.2.gemspec
I, [2014-01-30T16:03:11.980528 #16737]  INFO -- : 0:  builder (3.1.4) from /Users/edouardrudolf/.rvm/gems/ruby-2.0.0-p353/specifications/builder-3.1.4.gemspec
I, [2014-01-30T16:03:11.980756 #16737]  INFO -- : 0:  activemodel (4.0.2) from /Users/edouardrudolf/.rvm/gems/ruby-2.0.0-p353/specifications/activemodel-4.0.2.gemspec
I, [2014-01-30T16:03:11.980985 #16737]  INFO -- : 0:  activerecord-deprecated_finders (1.0.3) from /Users/edouardrudolf/.rvm/gems/ruby-2.0.0-p353/specifications/activerecord-deprecated_finders-1.0.3.gemspec
I, [2014-01-30T16:03:11.981207 #16737]  INFO -- : 0:  arel (4.0.1) from /Users/edouardrudolf/.rvm/gems/ruby-2.0.0-p353/specifications/arel-4.0.1.gemspec
I, [2014-01-30T16:03:11.981430 #16737]  INFO -- : 0:  activerecord (4.0.2) from /Users/edouardrudolf/.rvm/gems/ruby-2.0.0-p353/specifications/activerecord-4.0.2.gemspec
I, [2014-01-30T16:03:11.981652 #16737]  INFO -- : 0:  faker (1.2.0) from /Users/edouardrudolf/.rvm/gems/ruby-2.0.0-p353/specifications/faker-1.2.0.gemspec
I, [2014-01-30T16:03:11.981870 #16737]  INFO -- : 0:  mini_portile (0.5.2) from /Users/edouardrudolf/.rvm/gems/ruby-2.0.0-p353/specifications/mini_portile-0.5.2.gemspec
I, [2014-01-30T16:03:11.982096 #16737]  INFO -- : 0:  nokogiri (1.6.1) from /Users/edouardrudolf/.rvm/gems/ruby-2.0.0-p353@global/specifications/nokogiri-1.6.1.gemspec
I, [2014-01-30T16:03:11.982318 #16737]  INFO -- : 0:  sqlite3 (1.3.8) from /Users/edouardrudolf/.rvm/gems/ruby-2.0.0-p353/specifications/sqlite3-1.3.8.gemspec
I, [2014-01-30T16:03:11.982530 #16737]  INFO -- : 0:  bundler (1.5.1) from /Users/edouardrudolf/.rvm/gems/ruby-2.0.0-p353@global/specifications/bundler-1.5.1.gemspec
I, [2014-01-30T16:03:24.154935 #16746]  INFO -- : 0:  i18n (0.6.9) from /Users/edouardrudolf/.rvm/gems/ruby-2.0.0-p353/specifications/i18n-0.6.9.gemspec
I, [2014-01-30T16:03:24.155254 #16746]  INFO -- : 0:  minitest (4.7.5) from /Users/edouardrudolf/.rvm/gems/ruby-2.0.0-p353/specifications/minitest-4.7.5.gemspec
I, [2014-01-30T16:03:24.155518 #16746]  INFO -- : 0:  multi_json (1.8.4) from /Users/edouardrudolf/.rvm/gems/ruby-2.0.0-p353/specifications/multi_json-1.8.4.gemspec
I, [2014-01-30T16:03:24.155749 #16746]  INFO -- : 0:  atomic (1.1.14) from /Users/edouardrudolf/.rvm/gems/ruby-2.0.0-p353/specifications/atomic-1.1.14.gemspec
I, [2014-01-30T16:03:24.155976 #16746]  INFO -- : 0:  thread_safe (0.1.3) from /Users/edouardrudolf/.rvm/gems/ruby-2.0.0-p353/specifications/thread_safe-0.1.3.gemspec
I, [2014-01-30T16:03:24.156194 #16746]  INFO -- : 0:  tzinfo (0.3.38) from /Users/edouardrudolf/.rvm/gems/ruby-2.0.0-p353/specifications/tzinfo-0.3.38.gemspec
I, [2014-01-30T16:03:24.156401 #16746]  INFO -- : 0:  activesupport (4.0.2) from /Users/edouardrudolf/.rvm/gems/ruby-2.0.0-p353/specifications/activesupport-4.0.2.gemspec
I, [2014-01-30T16:03:24.156604 #16746]  INFO -- : 0:  builder (3.1.4) from /Users/edouardrudolf/.rvm/gems/ruby-2.0.0-p353/specifications/builder-3.1.4.gemspec
I, [2014-01-30T16:03:24.156807 #16746]  INFO -- : 0:  activemodel (4.0.2) from /Users/edouardrudolf/.rvm/gems/ruby-2.0.0-p353/specifications/activemodel-4.0.2.gemspec
I, [2014-01-30T16:03:24.157013 #16746]  INFO -- : 0:  activerecord-deprecated_finders (1.0.3) from /Users/edouardrudolf/.rvm/gems/ruby-2.0.0-p353/specifications/activerecord-deprecated_finders-1.0.3.gemspec
I, [2014-01-30T16:03:24.157215 #16746]  INFO -- : 0:  arel (4.0.1) from /Users/edouardrudolf/.rvm/gems/ruby-2.0.0-p353/specifications/arel-4.0.1.gemspec
I, [2014-01-30T16:03:24.157417 #16746]  INFO -- : 0:  activerecord (4.0.2) from /Users/edouardrudolf/.rvm/gems/ruby-2.0.0-p353/specifications/activerecord-4.0.2.gemspec
I, [2014-01-30T16:03:24.157637 #16746]  INFO -- : 0:  faker (1.2.0) from /Users/edouardrudolf/.rvm/gems/ruby-2.0.0-p353/specifications/faker-1.2.0.gemspec
I, [2014-01-30T16:03:24.157840 #16746]  INFO -- : 0:  mini_portile (0.5.2) from /Users/edouardrudolf/.rvm/gems/ruby-2.0.0-p353/specifications/mini_portile-0.5.2.gemspec
I, [2014-01-30T16:03:24.158048 #16746]  INFO -- : 0:  nokogiri (1.6.1) from /Users/edouardrudolf/.rvm/gems/ruby-2.0.0-p353@global/specifications/nokogiri-1.6.1.gemspec
I, [2014-01-30T16:03:24.158251 #16746]  INFO -- : 0:  sqlite3 (1.3.8) from /Users/edouardrudolf/.rvm/gems/ruby-2.0.0-p353/specifications/sqlite3-1.3.8.gemspec
I, [2014-01-30T16:03:24.158446 #16746]  INFO -- : 0:  bundler (1.5.1) from /Users/edouardrudolf/.rvm/gems/ruby-2.0.0-p353@global/specifications/bundler-1.5.1.gemspec
